90,841237224321,0435725596,24/12/2014 21:07:34,127,MEG
90,84918691786,05013707028,24/12/2014 21:13:25,17,MEG
90,84918691786,05013707028,24/12/2014 21:13:58,22,MEG
90,841245007788,0593500815,24/12/2014 21:15:41,27,MEG
90,841245007788,0593500812,24/12/2014 21:16:50,12,MEG
90,84918691786,05013707028,24/12/2014 21:19:30,20,MEG
90,84913145812,0838450213,24/12/2014 21:22:31,54,MEG
90,84918691786,05013707028,24/12/2014 21:29:09,31,MEG
90,84949839229,0438527766,24/12/2014 21:42:44,16,MEG
90,84912400523,03213505552,24/12/2014 21:58:10,58,MEG
90,84912400523,0438370482,24/12/2014 21:58:34,16,MEG
90,84912400600,0976100674,24/12/2014 21:00:02,1795,MEG
90,84943988686,0945366339,24/12/2014 21:00:17,36,MEG
90,84919683358,0917701887,24/12/2014 21:00:31,204,MEGON
90,84916878167,0912650102,24/12/2014 21:00:49,52,MEGON
90,84916699232,0905250787,24/12/2014 21:00:51,2308,MEG
90,841298800126,0969569689,24/12/2014 21:00:54,76,MEG
90,84912400523,01256366888,24/12/2014 21:01:14,12,MEGON
90,84943988686,0979274016,24/12/2014 21:01:14,251,MEG
90,84913332066,0949661024,24/12/2014 21:01:23,13,MEGON
90,84919004722,0917656696,24/12/2014 21:01:28,271,MEGON